         w __deregister_frame_info
         w __register_frame_info
         w _ITM_deregisterTMCloneTable
         w _ITM_registerTMCloneTable
00000000 b .LANCHOR4
00000000 00000401 b __fixedpath
00000000 b _TLS_MODULE_BASE_
00000000 a shift
00000000 a shift
00000404 b .LANCHOR5
00000404 00000802 b __utf16path
00000c08 b .LANCHOR6
00000c08 00000802 b __utf16path_old.8638
00100000 A __start__
00100000 T _start
00100008 T __service_ptr
0010000c T __apt_appid
00100010 T __heap_size
00100014 T __linear_heap_size
00100018 T __system_arglist
0010001c T __system_runflags
00100020 t startup
00100058 t ClearMem
0010006c t ClrLoop
00100094 T _init
001000ac T initSystem
001000f0 T __ctru_exit
00100110 T __aeabi_idiv
00100110 00000220 T __divsi3
00100118 t .divsi3_skip_div0_test
00100330 00000020 T __aeabi_idivmod
00100350 00000004 W __aeabi_idiv0
00100350 00000004 W __aeabi_ldiv0
00100354 T __aeabi_uldivmod
001003a8 00000390 T strcmp
00100730 t .udivsi3_skip_div0_test
00100730 T __aeabi_uidiv
00100730 000001ec T __udivsi3
0010091c 00000020 T __aeabi_uidivmod
0010093c T __aeabi_drsub
00100944 000002b0 T __aeabi_dsub
00100944 000002b0 T __subdf3
00100948 000002ac T __adddf3
00100948 000002ac T __aeabi_dadd
00100bf4 00000024 T __aeabi_ui2d
00100bf4 00000024 T __floatunsidf
00100c18 00000028 T __aeabi_i2d
00100c18 00000028 T __floatsidf
00100c40 00000048 T __aeabi_f2d
00100c40 00000048 T __extendsfdf2
00100c88 00000074 T __aeabi_ul2d
00100c88 00000074 T __floatundidf
00100c9c 00000060 T __aeabi_l2d
00100c9c 00000060 T __floatdidf
00100cfc t deregister_tm_clones
00100d28 t register_tm_clones
00100d60 t __do_global_dtors_aux
00100da4 t frame_dummy
00100dd8 0000005c T main
00100e34 000001b8 T consoleDrawChar
00100fec 00000124 T consolePrintChar
00101110 0000015c t consoleCls
0010126c 00000104 T consoleInit
00101370 0000010c t consoleClearLine
0010147c 000000c4 t newRow
00101540 000007cc T con_write
00101d0c 0000008c t gfxSetFramebufferInfo.part.0
00101d98 0000006c t gfxSetFramebufferInfo
00101e04 00000058 t gfxGetFramebuffer.part.0
00101e5c 00000018 T __get_bytes_per_pixel
00101e74 00000184 T gfxSetScreenFormat
00101ff8 00000010 T gfxSetDoubleBuffering
00102008 00000214 T gfxInit
0010221c 00000010 T gfxInitDefault
0010222c 000000e0 T gfxExit
0010230c 00000064 T gfxGetFramebuffer
00102370 000000cc T gfxFlushBuffers
0010243c 000000f4 T gfxConfigScreen
00102530 00000020 T gfxSwapBuffers
00102550 00000020 T gfxSwapBuffersGpu
00102570 00000074 T gspInit
001025e4 0000003c T gspExit
00102620 000000a4 T gspInitEventHandler
001026c4 00000040 T gspExitEventHandler
00102704 00000050 T gspWaitForEvent
00102754 00000004 W gxCmdQueueInterrupt
00102758 00000178 t gspEventThreadMain
001028d0 0000006c T GSPGPU_SetBufferSwap
0010293c 0000004c T GSPGPU_FlushDataCache
00102988 00000034 T GSPGPU_SetLcdForceBlack
001029bc 00000064 T GSPGPU_RegisterInterruptRelayQueue
00102a20 0000002c T GSPGPU_UnregisterInterruptRelayQueue
00102a4c 00000048 T GSPGPU_AcquireRight
00102a94 0000002c T GSPGPU_ReleaseRight
00102ac0 00000080 T GSPGPU_ImportDisplayCaptureInfo
00102b40 0000002c T GSPGPU_SaveVramSysArea
00102b6c 0000002c T GSPGPU_RestoreVramSysArea
00102b98 00000004 W _aptDebug
00102b9c 00000170 T aptSendCommand
00102d0c 0000003c t aptExitProcess
00102d48 00000050 T APT_InquireNotification
00102d98 00000194 t aptEventHandler
00102f2c 00000074 T APT_AppletUtility
00102fa0 000000b0 T aptSetSleepAllowed
00103050 000000b4 T APT_GlanceParameter
00103104 000000c8 T APT_ReceiveParameter
001031cc 000000bc t aptReceiveParameter.constprop.0
00103288 000001e0 t aptScreenTransfer
00103468 00000210 t aptWaitForWakeUp
00103678 00000070 T APT_CancelParameter
001036e8 0000025c T aptInit
00103944 00000088 t aptClearParamQueue
001039cc 00000264 T aptMainLoop
00103c30 00000254 T aptExit
00103e84 0000007c T APT_CheckNew3DS
00103f00 00000028 t hidCheckSectionUpdateTime.part.0
00103f28 000000d0 T hidExit
00103ff8 000001d8 T hidScanInput
001041d0 00000010 T hidKeysDown
001041e0 00000090 T HIDUSER_GetHandles
00104270 000001a4 T hidInit
00104414 00000038 W __libctru_init
0010444c 00000034 t __libctru_nanosleep
00104480 00000030 t __ctru_get_reent
001044b0 000000fc T __system_initSyscalls
001045ac 00000100 W __system_allocateHeaps
001046ac 000000f0 T __system_initArgv
0010479c T svcControlMemory
001047bc T svcExitProcess
001047c4 T svcCreateThread
001047e4 T svcExitThread
001047ec T svcSleepThread
001047f4 T svcReleaseMutex
001047fc T svcCreateEvent
00104810 T svcSignalEvent
00104818 T svcClearEvent
00104820 T svcMapMemoryBlock
00104828 T svcUnmapMemoryBlock
00104830 T svcCreateAddressArbiter
00104844 T svcArbitrateAddress
0010485c T svcCloseHandle
00104864 T svcWaitSynchronization
0010486c T svcWaitSynchronizationN
00104894 T svcDuplicateHandle
001048a8 T svcGetSystemTick
001048b0 T svcGetSystemInfo
001048c8 T svcConnectToPort
001048dc T svcSendSyncRequest
001048e4 T svcBreak
001048ec 00000024 t addrMapNodeComparator(rbtree_node const*, rbtree_node const*)
00104910 00000004 t addrMapNodeDestructor(rbtree_node*)
00104914 00000114 T vramMemAlign
00104a28 00000008 T vramAlloc
00104a30 00000054 T vramFree
00104a84 00000024 t addrMapNodeComparator(rbtree_node const*, rbtree_node const*)
00104aa8 00000004 t addrMapNodeDestructor(rbtree_node*)
00104aac 000000e8 T mappableAlloc
00104b94 00000054 T mappableFree
00104be8 00000024 t addrMapNodeComparator(rbtree_node const*, rbtree_node const*)
00104c0c 00000004 t addrMapNodeDestructor(rbtree_node*)
00104c10 00000124 T linearMemAlign
00104d34 00000008 T linearAlloc
00104d3c 00000054 T linearFree
00104d90 0000008c T MemPool::CoalesceRight(MemBlock*)
00104e1c 00000174 T MemPool::Allocate(MemChunk&, unsigned long, int)
00104f90 000000fc T MemPool::Deallocate(MemChunk const&)
0010508c 00000038 t LightLock_Unlock.part.0
001050c4 0000000c T __sync_init
001050d0 00000018 T __sync_fini
001050e8 00000010 T __sync_get_arbiter
001050f8 00000018 T LightLock_Init
00105110 00000090 T LightLock_Lock
001051a0 00000034 T LightLock_TryLock
001051d4 00000020 T LightLock_Unlock
001051f4 00000024 T RecursiveLock_Init
00105218 00000030 T RecursiveLock_Lock
00105248 00000058 T RecursiveLock_TryLock
001052a0 00000038 T RecursiveLock_Unlock
001052d8 00000038 T LightEvent_Init
00105310 0000007c T LightEvent_Clear
0010538c 000000dc T LightEvent_Signal
00105468 000000c0 T LightEvent_Wait
00105528 00000058 t getSysTime
00105580 00000028 t __ctru_speedup_config.part.0
001055a8 00000024 T osGetMemRegionUsed
001055d0 00000128 T __libctru_gtod
001056f8 00000018 T __ctru_speedup_config
00105710 00000058 T srvExit
00105768 00000038 T srvRegisterClient
001057a0 000000cc T srvInit
0010586c 00000080 T srvGetServiceHandleDirect
001058ec 00000048 T srvGetServiceHandle
00105934 0000001c t threadFree.part.0
00105950 00000180 T threadCreate
00105ad0 00000024 T threadJoin
00105af4 00000068 T threadExit
00105b5c 00000048 t _thread_begin
00105ba4 000000ac T irrstScanInput
00105c50 00000024 T irrstKeysHeld
00105c74 00000050 T IRRST_GetHandles
00105cc4 00000154 T irrstInit
00105e18 0000002c T IRRST_Shutdown
00105e44 000000ac T irrstExit
00105ef0 0000000c T srvPmGetSessionHandle
00105efc 00000074 T ptmSysmInit
00105f70 0000003c T ptmSysmExit
00105fac 00000034 T PTMSYSM_ConfigureNew3DSCPU
00105fe0 00000014 T rbtree_init
00105ff4 000001a4 t do_insert
00106198 00000008 T rbtree_insert
001061a0 00000090 T rbtree_rotate
00106230 00000334 T rbtree_remove
00106564 00000074 T rbtree_find
001065d8 0000001c W __appInit
001065f4 0000001c W __appExit
00106610 000000a0 W __libctru_exit
001066b0 00000084 T envGetHandle
00106734 0000004c T envDestroyHandles
00106780 00000014 t archive_link
00106794 00000014 t archive_dirreset
001067a8 00000014 t archive_chmod
001067bc 00000024 t error_cmp
001067e0 00000050 t archive_translate_error
00106830 00000034 t archive_fsync
00106864 00000054 t archive_ftruncate
001068b8 00000038 t archive_dirclose
001068f0 0000013c t archive_dirnext
00106a2c 00000034 t archive_close
00106a60 00000070 t archive_fstat
00106ad0 000000d4 t archive_seek
00106ba4 00000078 t archive_read
00106c1c 000000ac t archive_write
00106cc8 000000bc t sdmc_statvfs
00106d84 00000080 t _archiveInit.part.0
00106e04 0000008c t archiveFindDevice.part.0
00106e90 00000138 t _archiveMountDevice
00106fc8 00000228 t archive_utf16path
001071f0 0000009c t archive_rmdir
0010728c 000000b4 t archive_diropen
00107340 000000b8 t archive_mkdir
001073f8 00000154 t archive_rename
0010754c 000000c4 t archive_chdir
00107610 00000084 t archive_unlink
00107694 00000124 t archive_stat
001077b8 000001cc t archive_open
00107984 000000a4 t _archiveUnmountDeviceStruct.part.0
00107a28 00000014 t archive_fchmod
00107a3c 00000014 t archive_statvfs
00107a50 00000168 T archiveMountSdmc
00107bb8 00000054 T archiveUnmountAll
00107c0c 00000028 t fsSessionForArchive.part.0
00107c34 000000c4 T fsInit
00107cf8 0000003c T fsExit
00107d34 00000064 T fsExemptFromSession
00107d98 0000005c T fsUnexemptFromSession
00107df4 000000bc T FSUSER_OpenFile
00107eb0 000000ac T FSUSER_DeleteFile
00107f5c 000000e8 T FSUSER_RenameFile
00108044 000000ac T FSUSER_DeleteDirectory
001080f0 000000c4 T FSUSER_CreateFile
001081b4 000000b4 T FSUSER_CreateDirectory
00108268 000000e8 T FSUSER_RenameDirectory
00108350 000000a0 T FSUSER_OpenDirectory
001083f0 00000098 T FSUSER_OpenArchive
00108488 00000078 T FSUSER_CloseArchive
00108500 00000078 T FSUSER_GetSdmcArchiveResource
00108578 00000064 T FSUSER_IsSdmcWritable
001085dc 0000005c T FSFILE_Read
00108638 00000064 T FSFILE_Write
0010869c 00000038 T FSFILE_GetSize
001086d4 00000028 T FSFILE_SetSize
001086fc 0000003c T FSFILE_Close
00108738 00000024 T FSFILE_Flush
0010875c 00000054 T FSDIR_Read
001087b0 0000003c T FSDIR_Close
001087ec 00000050 T rbtree_node_next
0010883c 000000c0 T utf8_to_utf16
001088fc 00000138 T decode_utf8
00108a34 000000e8 T utf16_to_utf8
00108b1c T __aeabi_read_tp
00108b28 00000068 T encode_utf16
00108b90 00000104 T encode_utf8
00108c94 00000060 T decode_utf16
00108cf4 00000038 T __aeabi_d2lz
00108cf4 00000038 T __fixdfdi
00108d30 00000040 T __aeabi_d2ulz
00108d30 00000040 T __fixunsdfdi
00108d70 00000130 T __udivmoddi4
00108ea0 0000007c T bsearch
00108f1c 00000034 T exit
00108f50 0000003c T __libc_fini_array
00108f8c 0000007c T __libc_init_array
00109008 00000028 T memalign
00109030 0000014c T _memalign_r
0010917c 00000020 T malloc
0010919c 00000020 T free
001091bc 000007d0 T _malloc_r
0010998c 000000e0 T memchr
00109a6c 00000120 T memcpy
00109b8c 00000118 T memset
00109ca4 0000000c T __malloc_lock
00109cb0 0000000c T __malloc_unlock
00109cbc 000000e0 T _puts_r
00109d9c 00000020 T puts
00109dbc 00000260 T setvbuf
0010a01c 00000074 T sscanf
0010a090 0000003c T __sread
0010a0cc 00000008 T __seofread
0010a0d4 00000068 T __swrite
0010a13c 00000058 T __sseek
0010a194 00000008 T __sclose
0010a19c 0000005c T strlen
0010a1f8 00000098 T strncat
0010a290 000000ec T strncmp
0010a37c 000000c0 T strncpy
0010a43c 00000048 T strnlen
0010a484 00000048 t get_arg
0010a4cc 00002b84 T __ssvfscanf_r
0010d050 00000054 T _wcrtomb_r
0010d0a4 00000020 T _wcsrtombs_r
0010d0c4 00000150 T __swsetup_r
0010d214 00000118 T __call_exitprocs
0010d32c 00000278 T __sflush_r
0010d5a4 00000094 T _fflush_r
0010d638 00000078 t std
0010d6b0 0000000c T _cleanup_r
0010d6bc 0000008c T __sinit
0010d748 0000000c T __sfp_lock_acquire
0010d754 0000000c T __sfp_lock_release
0010d760 000000f8 T _malloc_trim_r
0010d858 000002e8 T _free_r
0010db40 000004a4 T __sfvwrite_r
0010dfe4 00000070 T _fwalk_reent
0010e054 00000008 T iswspace
0010e05c 0000000c T _localeconv_r
0010e068 00000010 T __locale_mb_cur_max
0010e078 00000094 T __swhatbuf_r
0010e10c 000000f8 T __smakebuf_r
0010e204 00000060 T _mbrtowc_r
0010e264 000002fc T __utf8_mbtowc
0010e560 00000154 T memmove
0010e6b4 00000028 T realloc
0010e6dc 000004bc T _realloc_r
0010eb98 000000e8 T __sccl
0010ec80 0000000c T nanf
0010ec8c 00000064 T sprintf
0010ecf0 000000b8 T stpncpy
0010eda8 00000144 T strchr
0010eeec 00000054 t sulp
0010ef40 00001414 T _strtod_l
00110354 0000000c T _strtod_r
00110360 0000023c t _strtoll_l.isra.0
0011059c 00000004 T _strtoll_r
001105a0 000001b4 t _strtol_l.isra.0
00110754 00000004 T _strtol_r
00110758 0000024c t _strtoull_l.isra.0
001109a4 00000004 T _strtoull_r
001109a8 000001c8 t _strtoul_l.isra.0
00110b70 00000004 T _strtoul_r
00110b74 00000188 T __ssprint_r
00110cfc 000000e0 T _sungetc_r
00110ddc 0000006c T __ssrefill_r
00110e48 000000c8 T _sfread_r
00110f10 00000650 t get_arg
00111560 00003814 T _svfprintf_r
00114d74 000000a8 T __submore
00114e1c 00000190 T _wcsnrtombs_l
00114fac 00000048 T _wcsnrtombs_r
00114ff4 000000f0 T __utf8_wctomb
001150e4 000001a8 t quorem
00115290 000012ac T _dtoa_r
0011653c 00000160 T _fclose_r
0011669c 000000ec t rshift
00116788 00000828 T __gethex
00116fb0 00000060 T __match
00117010 0000028c T __hexnan
0011729c 0000003c T iswspace_l
001172d8 000001e0 t __jp2uc
001174b8 00000094 T _jp2uc_l
0011754c 00000088 T _Balloc
001175d4 0000001c T _Bfree
001175f0 000000d0 T __multadd
001176c0 000000ec T __s2b
001177ac 00000058 T __hi0bits
00117804 0000009c T __lo0bits
001178a0 00000020 T __i2b
001178c0 000001e0 T __multiply
00117aa0 00000100 T __pow5mult
00117ba0 00000114 T __lshift
00117cb4 00000058 T __mcmp
00117d0c 00000190 T __mdiff
00117e9c 00000088 T __ulp
00117f24 000000d4 T __b2d
00117ff8 00000104 T __d2b
001180fc 00000084 T __ratio
00118180 0000006c T __copybits
001181ec 0000005c T __any_on
00118248 000000a8 T frexp
001182f0 00000010 T nan
00118300 00000094 T _calloc_r
00118394 00000088 T category
0011841c 00000008 t null_write
00118424 00000018 T setDefaultDevice
0011843c 000000c8 T FindDevice
00118504 00000028 T RemoveDevice
0011852c 0000009c T AddDevice
001185c8 00000020 T GetDeviceOpTab
001185e8 00000078 T _fstat_r
00118660 00000008 T _isatty_r
00118668 00000084 T _lseek_r
001186ec 00000080 T _read_r
0011876c 00000078 T _sbrk_r
001187e4 00000080 T _write_r
00118864 00000024 T _exit
00118888 000001bc T _concatenate_path
00118a44 0000015c T chdir
00118ba0 00000008 T __flockfile
00118ba8 00000008 T __funlockfile
00118bb0 00000018 T __libc_lock_acquire
00118bc8 00000018 T __libc_lock_release
00118be0 00000018 T __libc_lock_init_recursive
00118bf8 00000018 T __libc_lock_acquire_recursive
00118c10 00000018 T __libc_lock_release_recursive
00118c28 00000018 T __libc_lock_close_recursive
00118c40 0000003c T __get_handle
00118c7c 000000f8 T _close_r
00118d74 00000028 T __getreent
00118d9c 00000044 T strrchr
00118de0 T _fini
00119000 R default_font_bin
00119800 R default_font_bin_end
00119800 R default_font_bin_size
00119884 00000030 r colorTable
001198b4 00000070 r dotab_stdout
00119924 00000014 r CSWTCH.62
00119938 00000008 r framebufferInfoSt
001199b4 00000070 r archive_devoptab
00119a24 00000030 r error_table
00119a5c 00000004 R _global_impure_ptr
00119a68 00000022 r basefix.8820
00119a8c 00000101 R _ctype_
00119be8 00000014 r fpi.7590
00119bfc 00000014 r fpinan.7626
00119c10 00000028 r tinytens
00119c38 0000006c R __action_table
00119ca4 00000100 R __chclass
00119da4 0000006c R __state_table
00119e4c 00000010 r blanks.8776
00119e5c 00000010 r zeroes.8777
00119e7c r .LC2
00119e80 00000100 R __hexdig
00119f94 000000bc r a1
0011a050 000000bc r a2
0011a10c 0000005b r a3
0011a168 00000070 r a6
0011a1d8 000000a2 r a7
0011a27c 00000040 r a8
0011a2bc 0000172a r b02cf
0011b9e8 00001a7c r d02f4
0011d464 0000000c R _C_numeric_locale
0011d470 00000028 R __mprec_bigtens
0011d498 000000c8 R __mprec_tens
0011d560 0000000c r p05.7510
0011d56c 0000309c r categories
00120608 00000070 R dotab_stdnull
00120678 r 
00120678 R __exidx_end
00120678 R __exidx_start
00121000 W __stacksize__
00121004 00000004 D currentConsole
00121008 0000004c D defaultConsole
00121054 00000001 d firstConsoleInit.8429
00121055 00000001 d botFormat
00121058 00000008 d doubleBuf
00121060 00000001 d topFormat
00121064 00000004 d gspLastEvent
00121068 00000004 d aptFlags
0012106c 00000001 d aptHomeAllowed
00121070 00000004 V __ctru_linear_heap_size
00121074 00000004 D _impure_ptr
00121078 00000460 d impure_data
001214d8 00000408 D __malloc_av_
001218e0 00000004 D __malloc_sbrk_base
001218e4 00000004 D __malloc_trim_threshold
001218e8 0000000c d __malloc_recursive_mutex
001218f4 0000000c D __atexit_recursive_mutex
00121900 0000000c d __sfp_recursive_mutex
0012190c 0000000c d __sinit_recursive_mutex
00121918 0000016c D __global_locale
00121a84 00000002 d numempty
00121a88 00000004 d defaultDevice
00121a8c 0000008c D devoptab_list
00121b18 00000400 d _current_working_directory
00121f18 00000004 d __hndl_lock
00121f1c 0000000c d __stderr_handle
00121f28 0000000c d __stdin_handle
00121f34 0000000c d __stdout_handle
00121f40 00001000 d handles
00122f40 t __frame_dummy_init_array_entry
00122f40 T __init_array_start
00122f40 B __preinit_array_end
00122f40 B __preinit_array_start
00122f40 D __tdata_lma
00122f40 D __tdata_lma_end
00122f40 D __TMC_END__
00122f40 d __TMC_LIST__
00122f44 t __do_global_dtors_aux_fini_array_entry
00122f44 T __fini_array_start
00122f44 T __init_array_end
00122f48 T __bss_start__
00122f48 T __fini_array_end
00122f48 b saved_stack
00122f50 b completed.10434
00122f54 b object.10439
00122f6c 00000002 b currentBuffer
00122f6e 00000001 b enable3d
00122f70 00000004 b screenAlloc
00122f74 00000004 b screenFree
00122f78 00000004 b gspEvent
00122f7c 0000001c b gspEventCb
00122f98 0000001c b gspEventCbData
00122fb4 00000007 b gspEventCbOneShot
00122fbc 0000001c b gspEventCounts
00122fd8 00000004 b gspEventData
00122fdc 00000004 b gspEventThread
00122fe0 00000038 b gspEvents
00123018 00000004 b gspRefCount
0012301c 00000001 b gspRunEvents
0012301d 00000001 b aptChainloadMediatype
00123020 00000008 b aptChainloadTid
00123028 00000004 b aptEventHandlerThread
0012302c 0000000c b aptEvents
00123038 0000000c b aptFirstHook
00123044 00000001 b aptHomeButtonState
00123048 00000004 b aptLockHandle
0012304c 00000004 b aptMessageFunc
00123050 00000004 b aptMessageFuncData
00123054 00001000 b aptParameters
00124054 00000001 b aptRecentHomeButtonState
00124058 00000004 b aptRefCount
0012405c 00000008 b aptSleepEvent
00124064 00000001 b flagInit.8300
00124065 00000001 b flagValue.8301
00124068 00000004 b serviceName.7930
0012406c 00000006 b aVec
00124074 00000004 b cPos
00124078 00000006 b gRate
00124080 00000004 b hidRefCount
00124084 00000004 b kDown
00124088 00000004 b kHeld
0012408c 00000004 b kOld
00124090 00000004 b kUp
00124094 00000004 b tPos
00124098 00000004 V __ctru_heap_size
0012409c 0000000c b sAddrMap
001240a8 00000008 b sVramPool
001240b0 00000008 b sMappablePool
001240b8 0000000c b sAddrMap
001240c4 00000008 b sLinearPool
001240cc 0000000c b sAddrMap
001240d8 00000004 b arbiter
001240dc 00000001 V __ctru_speedup
001240e0 00000004 b srvHandle
001240e4 00000004 b srvRefCount
001240e8 00000004 b csPos
001240ec 00000004 b irrstRefCount
001240f0 00000004 b kHeld
001240f4 00000004 b srvPmHandle
001240f8 00000004 b ptmSysmHandle
001240fc 00000004 b ptmSysmRefCount
00124100 00000004 b archive_device_cwd
00124108 00001500 b archive_devices
00125608 00000001 b archive_initialized
00125610 00000080 b fsExemptArchives
00125690 00000004 b fsuHandle
00125694 00000004 b fsuRefCount
00125698 00000028 B __malloc_current_mallinfo
001256c0 00000004 B __malloc_max_sbrked_mem
001256c4 00000004 B __malloc_max_total_mem
001256c8 00000004 B __malloc_top_pad
001256cc 00000004 b heap_start.7420
001256d0 00000004 B fake_heap_end
001256d4 00000004 B fake_heap_start
001256d8 00000400 b temp_cwd
00125ad8 00000048 B __syscalls
00125b20 0000004c B currentCopy
00125b6c 00000008 B gfxBottomFramebuffers
00125b74 00000004 B gspSharedMemHandle
00125b78 0000001c B bottomFramebufferInfo
00125b94 00000004 B gspEvent
00125b98 00000008 B gfxTopLeftFramebuffers
00125ba0 00000008 B gfxTopRightFramebuffers
00125ba8 0000001c B topFramebufferInfo
00125bc4 00000001 B gfxThreadID
00125bc8 00000004 B gfxSharedMemory
00125bcc 00000004 B gfxTopFramebufferMaxSize
00125bd0 00000004 B gfxBottomFramebufferMaxSize
00125bd4 00000004 B gxCmdBuf
00125bd8 00000004 B gspGpuHandle
00125bdc 00000004 B hidMemHandle
00125be0 00000004 B hidHandle
00125be4 00000004 B hidSharedMem
00125be8 00000014 B hidEvents
00125bfc 00000004 B __system_retAddr
00125c00 00000004 B __ctru_linear_heap
00125c04 00000004 B __ctru_heap
00125c08 00000004 B __system_argv
00125c0c 00000004 B __system_argc
00125c10 00000004 B irrstHandle
00125c14 00000004 B irrstEvent
00125c18 00000004 B irrstMemHandle
00125c1c 00000004 B irrstSharedMem
00125c20 B __tls_start
0012702c B __bss_end__
0012702c A __end__
0012702c B __tls_end
